[2026-02-24 20:20:04.612] [APPLY_FILTERS] before=72 after=42 filter_empty=False suppressed=0
[2026-02-24 20:20:04.612] [FILTER_DIAG] Collected 30 entries (showing up to 200):
[2026-02-24 20:20:04.612] [FILTER_DIAG] idx=42 key=pictureSuccess part=0 empty=False reason=no_match
[2026-02-24 20:20:04.612] [FILTER_DIAG] idx=43 key=pictureSuccess_EN part=0 empty=False reason=no_match
[2026-02-24 20:20:04.612] [FILTER_DIAG] idx=44 key=pictureSuccess_CN part=0 empty=False reason=no_match
[2026-02-24 20:20:04.612] [FILTER_DIAG] idx=45 key=pictureSuccess_CS part=0 empty=False reason=no_match
[2026-02-24 20:20:04.612] [FILTER_DIAG] idx=46 key=pictureSuccess_DE part=0 empty=False reason=no_match
[2026-02-24 20:20:04.613] [FILTER_DIAG] idx=47 key=pictureSuccess_ES part=0 empty=False reason=no_match
[2026-02-24 20:20:04.613] [FILTER_DIAG] idx=48 key=pictureSuccess_FR part=0 empty=False reason=no_match
[2026-02-24 20:20:04.613] [FILTER_DIAG] idx=49 key=pictureSuccess_JP part=0 empty=False reason=no_match
[2026-02-24 20:20:04.613] [FILTER_DIAG] idx=50 key=pictureSuccess_KO part=0 empty=False reason=no_match
[2026-02-24 20:20:04.613] [FILTER_DIAG] idx=51 key=pictureSuccess_RU part=0 empty=False reason=no_match
[2026-02-24 20:20:04.613] [FILTER_DIAG] idx=52 key=pictureFailed part=0 empty=False reason=no_match
[2026-02-24 20:20:04.613] [FILTER_DIAG] idx=53 key=pictureFailed_EN part=0 empty=False reason=no_match
[2026-02-24 20:20:04.613] [FILTER_DIAG] idx=54 key=pictureFailed_CN part=0 empty=False reason=no_match
[2026-02-24 20:20:04.614] [FILTER_DIAG] idx=55 key=pictureFailed_CS part=0 empty=False reason=no_match
[2026-02-24 20:20:04.614] [FILTER_DIAG] idx=56 key=pictureFailed_DE part=0 empty=False reason=no_match
[2026-02-24 20:20:04.614] [FILTER_DIAG] idx=57 key=pictureFailed_ES part=0 empty=False reason=no_match
[2026-02-24 20:20:04.614] [FILTER_DIAG] idx=58 key=pictureFailed_FR part=0 empty=False reason=no_match
[2026-02-24 20:20:04.614] [FILTER_DIAG] idx=59 key=pictureFailed_JP part=0 empty=False reason=no_match
[2026-02-24 20:20:04.614] [FILTER_DIAG] idx=60 key=pictureFailed_KO part=0 empty=False reason=no_match
[2026-02-24 20:20:04.614] [FILTER_DIAG] idx=61 key=pictureFailed_RU part=0 empty=False reason=no_match
[2026-02-24 20:20:04.614] [FILTER_DIAG] idx=62 key=picture part=0 empty=False reason=no_match
[2026-02-24 20:20:04.615] [FILTER_DIAG] idx=63 key=picture_EN part=0 empty=False reason=no_match
[2026-02-24 20:20:04.615] [FILTER_DIAG] idx=64 key=picture_CN part=0 empty=False reason=no_match
[2026-02-24 20:20:04.615] [FILTER_DIAG] idx=65 key=picture_CS part=0 empty=False reason=no_match
[2026-02-24 20:20:04.615] [FILTER_DIAG] idx=66 key=picture_DE part=0 empty=False reason=no_match
[2026-02-24 20:20:04.615] [FILTER_DIAG] idx=67 key=picture_ES part=0 empty=False reason=no_match
[2026-02-24 20:20:04.615] [FILTER_DIAG] idx=68 key=picture_FR part=0 empty=False reason=no_match
[2026-02-24 20:20:04.615] [FILTER_DIAG] idx=69 key=picture_JP part=0 empty=False reason=no_match
[2026-02-24 20:20:04.615] [FILTER_DIAG] idx=70 key=picture_KO part=0 empty=False reason=no_match
[2026-02-24 20:20:04.615] [FILTER_DIAG] idx=71 key=picture_RU part=0 empty=False reason=no_match
[2026-02-24 20:20:04.841] [PREVIEW_CREATE_GROUP] key=name first_idx=0 parts=1 current_count=0
[2026-02-24 20:20:04.842] [PREVIEW_WIDGET] create orig idx=0 key=name part=0 text_len=0
[2026-02-24 20:20:04.843] [PREVIEW_WIDGET] create trans idx=0 key=name part=0 text_len=29 modified=False
[2026-02-24 20:20:04.845] [PREVIEW_CREATE_GROUP] key=name_EN first_idx=1 parts=1 current_count=1
[2026-02-24 20:20:04.846] [PREVIEW_WIDGET] create orig idx=1 key=name_EN part=0 text_len=0
[2026-02-24 20:20:04.846] [PREVIEW_WIDGET] create trans idx=1 key=name_EN part=0 text_len=29 modified=False
[2026-02-24 20:20:04.848] [PREVIEW_CREATE_GROUP] key=name_CN first_idx=2 parts=1 current_count=2
[2026-02-24 20:20:04.849] [PREVIEW_WIDGET] create orig idx=2 key=name_CN part=0 text_len=0
[2026-02-24 20:20:04.849] [PREVIEW_WIDGET] create trans idx=2 key=name_CN part=0 text_len=6 modified=False
[2026-02-24 20:20:04.851] [PREVIEW_CREATE_GROUP] key=name_CS first_idx=3 parts=1 current_count=3
[2026-02-24 20:20:04.852] [PREVIEW_WIDGET] create orig idx=3 key=name_CS part=0 text_len=0
[2026-02-24 20:20:04.852] [PREVIEW_WIDGET] create trans idx=3 key=name_CS part=0 text_len=6 modified=False
[2026-02-24 20:20:04.854] [PREVIEW_CREATE_GROUP] key=name_DE first_idx=4 parts=1 current_count=4
[2026-02-24 20:20:04.854] [PREVIEW_WIDGET] create orig idx=4 key=name_DE part=0 text_len=0
[2026-02-24 20:20:04.855] [PREVIEW_WIDGET] create trans idx=4 key=name_DE part=0 text_len=6 modified=False
[2026-02-24 20:20:04.856] [PREVIEW_CREATE_GROUP] key=name_ES first_idx=5 parts=1 current_count=5
[2026-02-24 20:20:04.857] [PREVIEW_WIDGET] create orig idx=5 key=name_ES part=0 text_len=0
[2026-02-24 20:20:04.858] [PREVIEW_WIDGET] create trans idx=5 key=name_ES part=0 text_len=6 modified=False
[2026-02-24 20:20:04.859] [PREVIEW_CREATE_GROUP] key=name_FR first_idx=6 parts=1 current_count=6
[2026-02-24 20:20:04.860] [PREVIEW_WIDGET] create orig idx=6 key=name_FR part=0 text_len=0
[2026-02-24 20:20:04.860] [PREVIEW_WIDGET] create trans idx=6 key=name_FR part=0 text_len=6 modified=False
[2026-02-24 20:20:04.862] [PREVIEW_CREATE_GROUP] key=name_JP first_idx=7 parts=1 current_count=7
[2026-02-24 20:20:04.863] [PREVIEW_WIDGET] create orig idx=7 key=name_JP part=0 text_len=0
[2026-02-24 20:20:04.863] [PREVIEW_WIDGET] create trans idx=7 key=name_JP part=0 text_len=6 modified=False
[2026-02-24 20:20:04.865] [PREVIEW_CREATE_GROUP] key=name_KO first_idx=8 parts=1 current_count=8
[2026-02-24 20:20:04.865] [PREVIEW_WIDGET] create orig idx=8 key=name_KO part=0 text_len=0
[2026-02-24 20:20:04.866] [PREVIEW_WIDGET] create trans idx=8 key=name_KO part=0 text_len=6 modified=False
[2026-02-24 20:20:04.868] [PREVIEW_CREATE_GROUP] key=name_RU first_idx=9 parts=1 current_count=9
[2026-02-24 20:20:04.868] [PREVIEW_WIDGET] create orig idx=9 key=name_RU part=0 text_len=0
[2026-02-24 20:20:04.869] [PREVIEW_WIDGET] create trans idx=9 key=name_RU part=0 text_len=6 modified=False
[2026-02-24 20:20:04.884] [PREVIEW_CREATE_GROUP] key=description first_idx=10 parts=4 current_count=10
[2026-02-24 20:20:04.885] [PREVIEW_WIDGET] create orig idx=10 key=description part=0 text_len=0
[2026-02-24 20:20:04.885] [PREVIEW_WIDGET] create trans idx=10 key=description part=0 text_len=190 modified=False
[2026-02-24 20:20:04.886] [PREVIEW_WIDGET] create orig idx=11 key=description part=0 text_len=0
[2026-02-24 20:20:04.887] [PREVIEW_WIDGET] create trans idx=11 key=description part=0 text_len=0 modified=False
[2026-02-24 20:20:04.888] [PREVIEW_WIDGET] create orig idx=12 key=description part=0 text_len=0
[2026-02-24 20:20:04.888] [PREVIEW_WIDGET] create trans idx=12 key=description part=0 text_len=388 modified=False
[2026-02-24 20:20:04.889] [PREVIEW_WIDGET] create orig idx=13 key=description part=0 text_len=0
[2026-02-24 20:20:04.890] [PREVIEW_WIDGET] create trans idx=13 key=description part=0 text_len=0 modified=False
[2026-02-24 20:20:04.894] [PREVIEW_CREATE_GROUP] key=description_EN first_idx=14 parts=4 current_count=11
[2026-02-24 20:20:04.894] [PREVIEW_WIDGET] create orig idx=14 key=description_EN part=0 text_len=0
[2026-02-24 20:20:04.895] [PREVIEW_WIDGET] create trans idx=14 key=description_EN part=0 text_len=190 modified=False
[2026-02-24 20:20:04.896] [PREVIEW_WIDGET] create orig idx=15 key=description_EN part=0 text_len=0
[2026-02-24 20:20:04.896] [PREVIEW_WIDGET] create trans idx=15 key=description_EN part=0 text_len=0 modified=False
[2026-02-24 20:20:04.897] [PREVIEW_WIDGET] create orig idx=16 key=description_EN part=0 text_len=0
[2026-02-24 20:20:04.898] [PREVIEW_WIDGET] create trans idx=16 key=description_EN part=0 text_len=388 modified=False
[2026-02-24 20:20:04.899] [PREVIEW_WIDGET] create orig idx=17 key=description_EN part=0 text_len=0
[2026-02-24 20:20:04.900] [PREVIEW_WIDGET] create trans idx=17 key=description_EN part=0 text_len=0 modified=False
[2026-02-24 20:20:04.903] [PREVIEW_CREATE_GROUP] key=description_CN first_idx=18 parts=3 current_count=12
[2026-02-24 20:20:04.904] [PREVIEW_WIDGET] create orig idx=18 key=description_CN part=0 text_len=0
[2026-02-24 20:20:04.904] [PREVIEW_WIDGET] create trans idx=18 key=description_CN part=0 text_len=13 modified=False
[2026-02-24 20:20:04.905] [PREVIEW_WIDGET] create orig idx=19 key=description_CN part=0 text_len=0
[2026-02-24 20:20:04.906] [PREVIEW_WIDGET] create trans idx=19 key=description_CN part=0 text_len=13 modified=False
[2026-02-24 20:20:04.907] [PREVIEW_WIDGET] create orig idx=20 key=description_CN part=0 text_len=0
[2026-02-24 20:20:04.907] [PREVIEW_WIDGET] create trans idx=20 key=description_CN part=0 text_len=0 modified=False
[2026-02-24 20:20:04.910] [PREVIEW_CREATE_GROUP] key=description_CS first_idx=21 parts=3 current_count=13
[2026-02-24 20:20:04.911] [PREVIEW_WIDGET] create orig idx=21 key=description_CS part=0 text_len=0
[2026-02-24 20:20:04.911] [PREVIEW_WIDGET] create trans idx=21 key=description_CS part=0 text_len=13 modified=False
[2026-02-24 20:20:04.912] [PREVIEW_WIDGET] create orig idx=22 key=description_CS part=0 text_len=0
[2026-02-24 20:20:04.913] [PREVIEW_WIDGET] create trans idx=22 key=description_CS part=0 text_len=13 modified=False
[2026-02-24 20:20:04.914] [PREVIEW_WIDGET] create orig idx=23 key=description_CS part=0 text_len=0
[2026-02-24 20:20:04.914] [PREVIEW_WIDGET] create trans idx=23 key=description_CS part=0 text_len=0 modified=False
[2026-02-24 20:20:04.917] [PREVIEW_CREATE_GROUP] key=description_DE first_idx=24 parts=3 current_count=14
[2026-02-24 20:20:04.918] [PREVIEW_WIDGET] create orig idx=24 key=description_DE part=0 text_len=0
[2026-02-24 20:20:04.918] [PREVIEW_WIDGET] create trans idx=24 key=description_DE part=0 text_len=13 modified=False
[2026-02-24 20:20:04.919] [PREVIEW_WIDGET] create orig idx=25 key=description_DE part=0 text_len=0
[2026-02-24 20:20:04.919] [PREVIEW_WIDGET] create trans idx=25 key=description_DE part=0 text_len=13 modified=False
[2026-02-24 20:20:04.920] [PREVIEW_WIDGET] create orig idx=26 key=description_DE part=0 text_len=0
[2026-02-24 20:20:04.921] [PREVIEW_WIDGET] create trans idx=26 key=description_DE part=0 text_len=0 modified=False
[2026-02-24 20:20:04.924] [PREVIEW_CREATE_GROUP] key=description_ES first_idx=27 parts=3 current_count=15
[2026-02-24 20:20:04.924] [PREVIEW_WIDGET] create orig idx=27 key=description_ES part=0 text_len=0
[2026-02-24 20:20:04.925] [PREVIEW_WIDGET] create trans idx=27 key=description_ES part=0 text_len=13 modified=False
[2026-02-24 20:20:04.926] [PREVIEW_WIDGET] create orig idx=28 key=description_ES part=0 text_len=0
[2026-02-24 20:20:04.926] [PREVIEW_WIDGET] create trans idx=28 key=description_ES part=0 text_len=13 modified=False
[2026-02-24 20:20:04.927] [PREVIEW_WIDGET] create orig idx=29 key=description_ES part=0 text_len=0
[2026-02-24 20:20:04.928] [PREVIEW_WIDGET] create trans idx=29 key=description_ES part=0 text_len=0 modified=False
[2026-02-24 20:20:04.931] [PREVIEW_CREATE_GROUP] key=description_FR first_idx=30 parts=3 current_count=16
[2026-02-24 20:20:04.931] [PREVIEW_WIDGET] create orig idx=30 key=description_FR part=0 text_len=0
[2026-02-24 20:20:04.932] [PREVIEW_WIDGET] create trans idx=30 key=description_FR part=0 text_len=13 modified=False
[2026-02-24 20:20:04.933] [PREVIEW_WIDGET] create orig idx=31 key=description_FR part=0 text_len=0
[2026-02-24 20:20:04.933] [PREVIEW_WIDGET] create trans idx=31 key=description_FR part=0 text_len=13 modified=False
[2026-02-24 20:20:04.934] [PREVIEW_WIDGET] create orig idx=32 key=description_FR part=0 text_len=0
[2026-02-24 20:20:04.934] [PREVIEW_WIDGET] create trans idx=32 key=description_FR part=0 text_len=0 modified=False
[2026-02-24 20:20:04.937] [PREVIEW_CREATE_GROUP] key=description_JP first_idx=33 parts=3 current_count=17
[2026-02-24 20:20:04.938] [PREVIEW_WIDGET] create orig idx=33 key=description_JP part=0 text_len=0
[2026-02-24 20:20:04.939] [PREVIEW_WIDGET] create trans idx=33 key=description_JP part=0 text_len=13 modified=False
[2026-02-24 20:20:04.939] [PREVIEW_WIDGET] create orig idx=34 key=description_JP part=0 text_len=0
[2026-02-24 20:20:04.940] [PREVIEW_WIDGET] create trans idx=34 key=description_JP part=0 text_len=13 modified=False
[2026-02-24 20:20:04.941] [PREVIEW_WIDGET] create orig idx=35 key=description_JP part=0 text_len=0
[2026-02-24 20:20:04.941] [PREVIEW_WIDGET] create trans idx=35 key=description_JP part=0 text_len=0 modified=False
[2026-02-24 20:20:04.944] [PREVIEW_CREATE_GROUP] key=description_KO first_idx=36 parts=3 current_count=18
[2026-02-24 20:20:04.945] [PREVIEW_WIDGET] create orig idx=36 key=description_KO part=0 text_len=0
[2026-02-24 20:20:04.945] [PREVIEW_WIDGET] create trans idx=36 key=description_KO part=0 text_len=13 modified=False
[2026-02-24 20:20:04.946] [PREVIEW_WIDGET] create orig idx=37 key=description_KO part=0 text_len=0
[2026-02-24 20:20:04.946] [PREVIEW_WIDGET] create trans idx=37 key=description_KO part=0 text_len=13 modified=False
[2026-02-24 20:20:04.947] [PREVIEW_WIDGET] create orig idx=38 key=description_KO part=0 text_len=0
[2026-02-24 20:20:04.948] [PREVIEW_WIDGET] create trans idx=38 key=description_KO part=0 text_len=0 modified=False
[2026-02-24 20:20:04.951] [PREVIEW_CREATE_GROUP] key=description_RU first_idx=39 parts=3 current_count=19
[2026-02-24 20:20:04.951] [PREVIEW_WIDGET] create orig idx=39 key=description_RU part=0 text_len=0
[2026-02-24 20:20:04.952] [PREVIEW_WIDGET] create trans idx=39 key=description_RU part=0 text_len=13 modified=False
[2026-02-24 20:20:04.953] [PREVIEW_WIDGET] create orig idx=40 key=description_RU part=0 text_len=0
[2026-02-24 20:20:04.953] [PREVIEW_WIDGET] create trans idx=40 key=description_RU part=0 text_len=13 modified=False
[2026-02-24 20:20:04.954] [PREVIEW_WIDGET] create orig idx=41 key=description_RU part=0 text_len=0
[2026-02-24 20:20:04.955] [PREVIEW_WIDGET] create trans idx=41 key=description_RU part=0 text_len=0 modified=False
[2026-02-24 20:20:19.394] [INSERT_START] after_index=9 move_text='' original_lines_count=42
[2026-02-24 20:20:19.395]   [INSERT_MODEL] new_index=10 key=name_RU text='' | moved_to_next=''
[2026-02-24 20:20:19.399]   [INSERT_SUPPRESS_FILTER] index=10
[2026-02-24 20:20:19.399]     [UPPER_INSERT_START] new_index=10 trans_text=None
[2026-02-24 20:20:19.400]       [UPPER_INSERT] editor=original index=10
[2026-02-24 20:20:19.400]       [UPPER_INSERT] editor=translated index=10
[2026-02-24 20:20:19.400] [INSERT_END] new_index=10 completed_successfully | original_lines_count=43
[2026-02-24 20:20:39.046] [PREVIEW_DELETE_WIDGET] name=preview_line_group key=None part=None index=None
[2026-02-24 20:20:39.046] [PREVIEW_DELETE_WIDGET] name=preview_line_group key=None part=None index=None
[2026-02-24 20:20:39.046] [PREVIEW_DELETE_WIDGET] name=preview_line_group key=None part=None index=None
[2026-02-24 20:20:39.047] [PREVIEW_DELETE_WIDGET] name=preview_line_group key=None part=None index=None
[2026-02-24 20:20:39.047] [PREVIEW_DELETE_WIDGET] name=preview_line_group key=None part=None index=None
[2026-02-24 20:20:39.047] [PREVIEW_DELETE_WIDGET] name=preview_line_group key=None part=None index=None
[2026-02-24 20:20:39.047] [PREVIEW_DELETE_WIDGET] name=preview_line_group key=None part=None index=None
[2026-02-24 20:20:39.047] [PREVIEW_DELETE_WIDGET] name=preview_line_group key=None part=None index=None
[2026-02-24 20:20:39.047] [PREVIEW_DELETE_WIDGET] name=preview_line_group key=None part=None index=None
[2026-02-24 20:20:39.047] [PREVIEW_DELETE_WIDGET] name=preview_line_group key=None part=None index=None
[2026-02-24 20:20:39.048] [PREVIEW_DELETE_WIDGET] name=preview_line_group key=None part=None index=None
[2026-02-24 20:20:39.048] [PREVIEW_DELETE_WIDGET] name=preview_line_group key=None part=None index=None
[2026-02-24 20:20:39.048] [PREVIEW_DELETE_WIDGET] name=preview_line_group key=None part=None index=None
[2026-02-24 20:20:39.048] [PREVIEW_DELETE_WIDGET] name=preview_line_group key=None part=None index=None
[2026-02-24 20:20:39.048] [PREVIEW_DELETE_WIDGET] name=preview_line_group key=None part=None index=None
[2026-02-24 20:20:39.048] [PREVIEW_DELETE_WIDGET] name=preview_line_group key=None part=None index=None
[2026-02-24 20:20:39.049] [PREVIEW_DELETE_WIDGET] name=preview_line_group key=None part=None index=None
[2026-02-24 20:20:39.049] [PREVIEW_DELETE_WIDGET] name=preview_line_group key=None part=None index=None
[2026-02-24 20:20:39.049] [PREVIEW_DELETE_WIDGET] name=preview_line_group key=None part=None index=None
[2026-02-24 20:20:39.049] [PREVIEW_DELETE_WIDGET] name=preview_line_group key=None part=None index=None
[2026-02-24 20:20:39.049] [PREVIEW_DELETE_WIDGET] name=preview_line_group key=None part=None index=None
[2026-02-24 20:20:39.049] [PREVIEW_DELETE_WIDGET] name=preview_line_group key=None part=None index=None
[2026-02-24 20:20:39.049] [PREVIEW_DELETE_WIDGET] name=preview_line_group key=None part=None index=None
[2026-02-24 20:20:39.050] [PREVIEW_DELETE_WIDGET] name=preview_line_group key=None part=None index=None
[2026-02-24 20:20:39.050] [PREVIEW_DELETE_WIDGET] name=preview_line_group key=None part=None index=None
[2026-02-24 20:20:39.050] [PREVIEW_DELETE_WIDGET] name=preview_line_group key=None part=None index=None
[2026-02-24 20:20:39.050] [PREVIEW_DELETE_WIDGET] name=preview_line_group key=None part=None index=None
[2026-02-24 20:20:39.050] [PREVIEW_DELETE_WIDGET] name=preview_line_group key=None part=None index=None
[2026-02-24 20:20:39.050] [PREVIEW_DELETE_WIDGET] name=preview_line_group key=None part=None index=None
[2026-02-24 20:20:39.050] [PREVIEW_DELETE_WIDGET] name=preview_line_group key=None part=None index=None
[2026-02-24 20:20:39.051] [PREVIEW_DELETE_WIDGET] name=preview_line_group key=None part=None index=None
[2026-02-24 20:20:39.051] [PREVIEW_DELETE_WIDGET] name=preview_line_group key=None part=None index=None
[2026-02-24 20:20:39.051] [PREVIEW_DELETE_WIDGET] name=preview_line_group key=None part=None index=None
[2026-02-24 20:20:39.051] [PREVIEW_DELETE_WIDGET] name=preview_line_group key=None part=None index=None
[2026-02-24 20:20:39.051] [PREVIEW_DELETE_WIDGET] name=preview_line_group key=None part=None index=None
[2026-02-24 20:20:39.051] [PREVIEW_DELETE_WIDGET] name=preview_line_group key=None part=None index=None
[2026-02-24 20:20:39.051] [PREVIEW_DELETE_WIDGET] name=preview_line_group key=None part=None index=None
[2026-02-24 20:20:39.051] [PREVIEW_DELETE_WIDGET] name=preview_line_group key=None part=None index=None
[2026-02-24 20:20:39.052] [PREVIEW_DELETE_WIDGET] name=preview_line_group key=None part=None index=None
[2026-02-24 20:20:39.052] [PREVIEW_DELETE_WIDGET] name=preview_line_group key=None part=None index=None
[2026-02-24 20:20:39.052] [PREVIEW_DELETE_WIDGET] name=preview_line_group key=None part=None index=None
[2026-02-24 20:20:39.052] [PREVIEW_DELETE_WIDGET] name=preview_line_group key=None part=None index=None
[2026-02-24 20:20:39.052] [PREVIEW_DELETE_WIDGET] name=preview_line_group key=None part=None index=None
[2026-02-24 20:20:39.052] [PREVIEW_DELETE_WIDGET] name=preview_line_group key=None part=None index=None
[2026-02-24 20:20:39.052] [PREVIEW_DELETE_WIDGET] name=preview_line_group key=None part=None index=None
[2026-02-24 20:20:39.052] [PREVIEW_DELETE_WIDGET] name=preview_line_group key=None part=None index=None
[2026-02-24 20:20:39.052] [PREVIEW_DELETE_WIDGET] name=preview_line_group key=None part=None index=None
[2026-02-24 20:20:39.053] [PREVIEW_DELETE_WIDGET] name=preview_line_group key=None part=None index=None
[2026-02-24 20:20:39.053] [PREVIEW_DELETE_WIDGET] name=preview_line_group key=None part=None index=None
[2026-02-24 20:20:39.053] [PREVIEW_DELETE_WIDGET] name=preview_line_group key=None part=None index=None
[2026-02-24 20:20:39.053] [PREVIEW_DELETE_WIDGET] name=preview_line_group key=None part=None index=None
[2026-02-24 20:20:39.053] [PREVIEW_DELETE_WIDGET] name=preview_line_group key=None part=None index=None
[2026-02-24 20:20:39.053] [PREVIEW_DELETE_WIDGET] name=preview_line_group key=None part=None index=None
[2026-02-24 20:20:39.053] [PREVIEW_DELETE_WIDGET] name=preview_line_group key=None part=None index=None
[2026-02-24 20:20:39.054] [PREVIEW_DELETE_WIDGET] name=preview_line_group key=None part=None index=None
[2026-02-24 20:20:39.054] [PREVIEW_DELETE_WIDGET] name=preview_line_group key=None part=None index=None
[2026-02-24 20:20:39.054] [PREVIEW_DELETE_WIDGET] name=preview_line_group key=None part=None index=None
[2026-02-24 20:20:39.054] [PREVIEW_DELETE_WIDGET] name=preview_line_group key=None part=None index=None
[2026-02-24 20:20:39.054] [PREVIEW_DELETE_WIDGET] name=preview_line_group key=None part=None index=None
[2026-02-24 20:20:39.054] [PREVIEW_DELETE_WIDGET] name=preview_line_group key=None part=None index=None
[2026-02-24 20:20:39.054] [PREVIEW_DELETE_GROUP] key=name orig_count=6 trans_count=6
[2026-02-24 20:20:39.055] [PREVIEW_DELETE_GROUP] key=name_EN orig_count=6 trans_count=6
[2026-02-24 20:20:39.055] [PREVIEW_DELETE_GROUP] key=name_CN orig_count=6 trans_count=6
[2026-02-24 20:20:39.055] [PREVIEW_DELETE_GROUP] key=name_CS orig_count=6 trans_count=6
[2026-02-24 20:20:39.055] [PREVIEW_DELETE_GROUP] key=name_DE orig_count=6 trans_count=6
[2026-02-24 20:20:39.055] [PREVIEW_DELETE_GROUP] key=name_ES orig_count=6 trans_count=6
[2026-02-24 20:20:39.056] [PREVIEW_DELETE_GROUP] key=name_FR orig_count=6 trans_count=6
[2026-02-24 20:20:39.056] [PREVIEW_DELETE_GROUP] key=name_JP orig_count=6 trans_count=6
[2026-02-24 20:20:39.056] [PREVIEW_DELETE_GROUP] key=name_KO orig_count=6 trans_count=6
[2026-02-24 20:20:39.056] [PREVIEW_DELETE_GROUP] key=name_RU orig_count=12 trans_count=12
[2026-02-24 20:20:39.056] [PREVIEW_DELETE_GROUP] key=description orig_count=24 trans_count=24
[2026-02-24 20:20:39.057] [PREVIEW_DELETE_GROUP] key=description_EN orig_count=24 trans_count=24
[2026-02-24 20:20:39.057] [PREVIEW_DELETE_GROUP] key=description_CN orig_count=18 trans_count=18
[2026-02-24 20:20:39.058] [PREVIEW_DELETE_GROUP] key=description_CS orig_count=18 trans_count=18
[2026-02-24 20:20:39.058] [PREVIEW_DELETE_GROUP] key=description_DE orig_count=18 trans_count=18
[2026-02-24 20:20:39.058] [PREVIEW_DELETE_GROUP] key=description_ES orig_count=18 trans_count=18
[2026-02-24 20:20:39.058] [PREVIEW_DELETE_GROUP] key=description_FR orig_count=18 trans_count=18
[2026-02-24 20:20:39.059] [PREVIEW_DELETE_GROUP] key=description_JP orig_count=18 trans_count=18
[2026-02-24 20:20:39.059] [PREVIEW_DELETE_GROUP] key=description_KO orig_count=18 trans_count=18
[2026-02-24 20:20:39.059] [PREVIEW_DELETE_GROUP] key=description_RU orig_count=18 trans_count=18
[2026-02-24 20:20:39.068] [APPLY_FILTERS] before=43 after=43 filter_empty=False suppressed=1
[2026-02-24 20:20:39.068] [FILTER_DIAG] Collected 30 entries (showing up to 200):
[2026-02-24 20:20:39.068] [FILTER_DIAG] idx=43 key=pictureSuccess part=0 empty=False reason=no_match
[2026-02-24 20:20:39.068] [FILTER_DIAG] idx=44 key=pictureSuccess_EN part=0 empty=False reason=no_match
[2026-02-24 20:20:39.069] [FILTER_DIAG] idx=45 key=pictureSuccess_CN part=0 empty=False reason=no_match
[2026-02-24 20:20:39.069] [FILTER_DIAG] idx=46 key=pictureSuccess_CS part=0 empty=False reason=no_match
[2026-02-24 20:20:39.069] [FILTER_DIAG] idx=47 key=pictureSuccess_DE part=0 empty=False reason=no_match
[2026-02-24 20:20:39.069] [FILTER_DIAG] idx=48 key=pictureSuccess_ES part=0 empty=False reason=no_match
[2026-02-24 20:20:39.069] [FILTER_DIAG] idx=49 key=pictureSuccess_FR part=0 empty=False reason=no_match
[2026-02-24 20:20:39.069] [FILTER_DIAG] idx=50 key=pictureSuccess_JP part=0 empty=False reason=no_match
[2026-02-24 20:20:39.069] [FILTER_DIAG] idx=51 key=pictureSuccess_KO part=0 empty=False reason=no_match
[2026-02-24 20:20:39.069] [FILTER_DIAG] idx=52 key=pictureSuccess_RU part=0 empty=False reason=no_match
[2026-02-24 20:20:39.069] [FILTER_DIAG] idx=53 key=pictureFailed part=0 empty=False reason=no_match
[2026-02-24 20:20:39.070] [FILTER_DIAG] idx=54 key=pictureFailed_EN part=0 empty=False reason=no_match
[2026-02-24 20:20:39.070] [FILTER_DIAG] idx=55 key=pictureFailed_CN part=0 empty=False reason=no_match
[2026-02-24 20:20:39.070] [FILTER_DIAG] idx=56 key=pictureFailed_CS part=0 empty=False reason=no_match
[2026-02-24 20:20:39.070] [FILTER_DIAG] idx=57 key=pictureFailed_DE part=0 empty=False reason=no_match
[2026-02-24 20:20:39.070] [FILTER_DIAG] idx=58 key=pictureFailed_ES part=0 empty=False reason=no_match
[2026-02-24 20:20:39.070] [FILTER_DIAG] idx=59 key=pictureFailed_FR part=0 empty=False reason=no_match
[2026-02-24 20:20:39.070] [FILTER_DIAG] idx=60 key=pictureFailed_JP part=0 empty=False reason=no_match
[2026-02-24 20:20:39.070] [FILTER_DIAG] idx=61 key=pictureFailed_KO part=0 empty=False reason=no_match
[2026-02-24 20:20:39.070] [FILTER_DIAG] idx=62 key=pictureFailed_RU part=0 empty=False reason=no_match
[2026-02-24 20:20:39.070] [FILTER_DIAG] idx=63 key=picture part=0 empty=False reason=no_match
[2026-02-24 20:20:39.071] [FILTER_DIAG] idx=64 key=picture_EN part=0 empty=False reason=no_match
[2026-02-24 20:20:39.071] [FILTER_DIAG] idx=65 key=picture_CN part=0 empty=False reason=no_match
[2026-02-24 20:20:39.071] [FILTER_DIAG] idx=66 key=picture_CS part=0 empty=False reason=no_match
[2026-02-24 20:20:39.071] [FILTER_DIAG] idx=67 key=picture_DE part=0 empty=False reason=no_match
[2026-02-24 20:20:39.071] [FILTER_DIAG] idx=68 key=picture_ES part=0 empty=False reason=no_match
[2026-02-24 20:20:39.071] [FILTER_DIAG] idx=69 key=picture_FR part=0 empty=False reason=no_match
[2026-02-24 20:20:39.071] [FILTER_DIAG] idx=70 key=picture_JP part=0 empty=False reason=no_match
[2026-02-24 20:20:39.071] [FILTER_DIAG] idx=71 key=picture_KO part=0 empty=False reason=no_match
[2026-02-24 20:20:39.072] [FILTER_DIAG] idx=72 key=picture_RU part=0 empty=False reason=no_match
[2026-02-24 20:20:39.100] [PREVIEW_CREATE_GROUP] key=name first_idx=0 parts=1 current_count=0
[2026-02-24 20:20:39.101] [PREVIEW_WIDGET] create orig idx=0 key=name part=0 text_len=0
[2026-02-24 20:20:39.102] [PREVIEW_WIDGET] create trans idx=0 key=name part=0 text_len=29 modified=False
[2026-02-24 20:20:39.104] [PREVIEW_CREATE_GROUP] key=name_EN first_idx=1 parts=1 current_count=1
[2026-02-24 20:20:39.104] [PREVIEW_WIDGET] create orig idx=1 key=name_EN part=0 text_len=0
[2026-02-24 20:20:39.105] [PREVIEW_WIDGET] create trans idx=1 key=name_EN part=0 text_len=29 modified=False
[2026-02-24 20:20:39.107] [PREVIEW_CREATE_GROUP] key=name_CN first_idx=2 parts=1 current_count=2
[2026-02-24 20:20:39.107] [PREVIEW_WIDGET] create orig idx=2 key=name_CN part=0 text_len=0
[2026-02-24 20:20:39.108] [PREVIEW_WIDGET] create trans idx=2 key=name_CN part=0 text_len=6 modified=False
[2026-02-24 20:20:39.110] [PREVIEW_CREATE_GROUP] key=name_CS first_idx=3 parts=1 current_count=3
[2026-02-24 20:20:39.110] [PREVIEW_WIDGET] create orig idx=3 key=name_CS part=0 text_len=0
[2026-02-24 20:20:39.111] [PREVIEW_WIDGET] create trans idx=3 key=name_CS part=0 text_len=6 modified=False
[2026-02-24 20:20:39.113] [PREVIEW_CREATE_GROUP] key=name_DE first_idx=4 parts=1 current_count=4
[2026-02-24 20:20:39.113] [PREVIEW_WIDGET] create orig idx=4 key=name_DE part=0 text_len=0
[2026-02-24 20:20:39.114] [PREVIEW_WIDGET] create trans idx=4 key=name_DE part=0 text_len=6 modified=False
[2026-02-24 20:20:39.116] [PREVIEW_CREATE_GROUP] key=name_ES first_idx=5 parts=1 current_count=5
[2026-02-24 20:20:39.116] [PREVIEW_WIDGET] create orig idx=5 key=name_ES part=0 text_len=0
[2026-02-24 20:20:39.117] [PREVIEW_WIDGET] create trans idx=5 key=name_ES part=0 text_len=6 modified=False
[2026-02-24 20:20:39.119] [PREVIEW_CREATE_GROUP] key=name_FR first_idx=6 parts=1 current_count=6
[2026-02-24 20:20:39.119] [PREVIEW_WIDGET] create orig idx=6 key=name_FR part=0 text_len=0
[2026-02-24 20:20:39.120] [PREVIEW_WIDGET] create trans idx=6 key=name_FR part=0 text_len=6 modified=False
[2026-02-24 20:20:39.122] [PREVIEW_CREATE_GROUP] key=name_JP first_idx=7 parts=1 current_count=7
[2026-02-24 20:20:39.123] [PREVIEW_WIDGET] create orig idx=7 key=name_JP part=0 text_len=0
[2026-02-24 20:20:39.123] [PREVIEW_WIDGET] create trans idx=7 key=name_JP part=0 text_len=6 modified=False
[2026-02-24 20:20:39.125] [PREVIEW_CREATE_GROUP] key=name_KO first_idx=8 parts=1 current_count=8
[2026-02-24 20:20:39.126] [PREVIEW_WIDGET] create orig idx=8 key=name_KO part=0 text_len=0
[2026-02-24 20:20:39.126] [PREVIEW_WIDGET] create trans idx=8 key=name_KO part=0 text_len=6 modified=False
[2026-02-24 20:20:39.128] [PREVIEW_CREATE_GROUP] key=name_RU first_idx=9 parts=2 current_count=9
[2026-02-24 20:20:39.129] [PREVIEW_WIDGET] create orig idx=9 key=name_RU part=0 text_len=0
[2026-02-24 20:20:39.130] [PREVIEW_WIDGET] create trans idx=9 key=name_RU part=0 text_len=6 modified=False
[2026-02-24 20:20:39.130] [PREVIEW_WIDGET] create orig idx=10 key=name_RU part=1 text_len=0
[2026-02-24 20:20:39.131] [PREVIEW_WIDGET] create trans idx=10 key=name_RU part=1 text_len=5 modified=False
[2026-02-24 20:20:39.149] [PREVIEW_CREATE_GROUP] key=description first_idx=11 parts=4 current_count=10
[2026-02-24 20:20:39.150] [PREVIEW_WIDGET] create orig idx=11 key=description part=0 text_len=0
[2026-02-24 20:20:39.150] [PREVIEW_WIDGET] create trans idx=11 key=description part=0 text_len=190 modified=False
[2026-02-24 20:20:39.151] [PREVIEW_WIDGET] create orig idx=12 key=description part=0 text_len=0
[2026-02-24 20:20:39.152] [PREVIEW_WIDGET] create trans idx=12 key=description part=0 text_len=0 modified=False
[2026-02-24 20:20:39.153] [PREVIEW_WIDGET] create orig idx=13 key=description part=0 text_len=0
[2026-02-24 20:20:39.154] [PREVIEW_WIDGET] create trans idx=13 key=description part=0 text_len=388 modified=False
[2026-02-24 20:20:39.154] [PREVIEW_WIDGET] create orig idx=14 key=description part=0 text_len=0
[2026-02-24 20:20:39.155] [PREVIEW_WIDGET] create trans idx=14 key=description part=0 text_len=0 modified=False
[2026-02-24 20:20:39.159] [PREVIEW_CREATE_GROUP] key=description_EN first_idx=15 parts=4 current_count=11
[2026-02-24 20:20:39.160] [PREVIEW_WIDGET] create orig idx=15 key=description_EN part=0 text_len=0
[2026-02-24 20:20:39.160] [PREVIEW_WIDGET] create trans idx=15 key=description_EN part=0 text_len=190 modified=False
[2026-02-24 20:20:39.161] [PREVIEW_WIDGET] create orig idx=16 key=description_EN part=0 text_len=0
[2026-02-24 20:20:39.162] [PREVIEW_WIDGET] create trans idx=16 key=description_EN part=0 text_len=0 modified=False
[2026-02-24 20:20:39.163] [PREVIEW_WIDGET] create orig idx=17 key=description_EN part=0 text_len=0
[2026-02-24 20:20:39.164] [PREVIEW_WIDGET] create trans idx=17 key=description_EN part=0 text_len=388 modified=False
[2026-02-24 20:20:39.165] [PREVIEW_WIDGET] create orig idx=18 key=description_EN part=0 text_len=0
[2026-02-24 20:20:39.165] [PREVIEW_WIDGET] create trans idx=18 key=description_EN part=0 text_len=0 modified=False
[2026-02-24 20:20:39.169] [PREVIEW_CREATE_GROUP] key=description_CN first_idx=19 parts=3 current_count=12
[2026-02-24 20:20:39.170] [PREVIEW_WIDGET] create orig idx=19 key=description_CN part=0 text_len=0
[2026-02-24 20:20:39.170] [PREVIEW_WIDGET] create trans idx=19 key=description_CN part=0 text_len=13 modified=False
[2026-02-24 20:20:39.171] [PREVIEW_WIDGET] create orig idx=20 key=description_CN part=0 text_len=0
[2026-02-24 20:20:39.172] [PREVIEW_WIDGET] create trans idx=20 key=description_CN part=0 text_len=13 modified=False
[2026-02-24 20:20:39.173] [PREVIEW_WIDGET] create orig idx=21 key=description_CN part=0 text_len=0
[2026-02-24 20:20:39.174] [PREVIEW_WIDGET] create trans idx=21 key=description_CN part=0 text_len=0 modified=False
[2026-02-24 20:20:39.177] [PREVIEW_CREATE_GROUP] key=description_CS first_idx=22 parts=3 current_count=13
[2026-02-24 20:20:39.178] [PREVIEW_WIDGET] create orig idx=22 key=description_CS part=0 text_len=0
[2026-02-24 20:20:39.178] [PREVIEW_WIDGET] create trans idx=22 key=description_CS part=0 text_len=13 modified=False
[2026-02-24 20:20:39.179] [PREVIEW_WIDGET] create orig idx=23 key=description_CS part=0 text_len=0
[2026-02-24 20:20:39.180] [PREVIEW_WIDGET] create trans idx=23 key=description_CS part=0 text_len=13 modified=False
[2026-02-24 20:20:39.180] [PREVIEW_WIDGET] create orig idx=24 key=description_CS part=0 text_len=0
[2026-02-24 20:20:39.181] [PREVIEW_WIDGET] create trans idx=24 key=description_CS part=0 text_len=0 modified=False
[2026-02-24 20:20:39.184] [PREVIEW_CREATE_GROUP] key=description_DE first_idx=25 parts=3 current_count=14
[2026-02-24 20:20:39.185] [PREVIEW_WIDGET] create orig idx=25 key=description_DE part=0 text_len=0
[2026-02-24 20:20:39.185] [PREVIEW_WIDGET] create trans idx=25 key=description_DE part=0 text_len=13 modified=False
[2026-02-24 20:20:39.186] [PREVIEW_WIDGET] create orig idx=26 key=description_DE part=0 text_len=0
[2026-02-24 20:20:39.187] [PREVIEW_WIDGET] create trans idx=26 key=description_DE part=0 text_len=13 modified=False
[2026-02-24 20:20:39.188] [PREVIEW_WIDGET] create orig idx=27 key=description_DE part=0 text_len=0
[2026-02-24 20:20:39.188] [PREVIEW_WIDGET] create trans idx=27 key=description_DE part=0 text_len=0 modified=False
[2026-02-24 20:20:39.192] [PREVIEW_CREATE_GROUP] key=description_ES first_idx=28 parts=3 current_count=15
[2026-02-24 20:20:39.192] [PREVIEW_WIDGET] create orig idx=28 key=description_ES part=0 text_len=0
[2026-02-24 20:20:39.193] [PREVIEW_WIDGET] create trans idx=28 key=description_ES part=0 text_len=13 modified=False
[2026-02-24 20:20:39.194] [PREVIEW_WIDGET] create orig idx=29 key=description_ES part=0 text_len=0
[2026-02-24 20:20:39.195] [PREVIEW_WIDGET] create trans idx=29 key=description_ES part=0 text_len=13 modified=False
[2026-02-24 20:20:39.196] [PREVIEW_WIDGET] create orig idx=30 key=description_ES part=0 text_len=0
[2026-02-24 20:20:39.196] [PREVIEW_WIDGET] create trans idx=30 key=description_ES part=0 text_len=0 modified=False
[2026-02-24 20:20:39.199] [PREVIEW_CREATE_GROUP] key=description_FR first_idx=31 parts=3 current_count=16
[2026-02-24 20:20:39.200] [PREVIEW_WIDGET] create orig idx=31 key=description_FR part=0 text_len=0
[2026-02-24 20:20:39.200] [PREVIEW_WIDGET] create trans idx=31 key=description_FR part=0 text_len=13 modified=False
[2026-02-24 20:20:39.201] [PREVIEW_WIDGET] create orig idx=32 key=description_FR part=0 text_len=0
[2026-02-24 20:20:39.202] [PREVIEW_WIDGET] create trans idx=32 key=description_FR part=0 text_len=13 modified=False
[2026-02-24 20:20:39.203] [PREVIEW_WIDGET] create orig idx=33 key=description_FR part=0 text_len=0
[2026-02-24 20:20:39.203] [PREVIEW_WIDGET] create trans idx=33 key=description_FR part=0 text_len=0 modified=False
[2026-02-24 20:20:39.206] [PREVIEW_CREATE_GROUP] key=description_JP first_idx=34 parts=3 current_count=17
[2026-02-24 20:20:39.207] [PREVIEW_WIDGET] create orig idx=34 key=description_JP part=0 text_len=0
[2026-02-24 20:20:39.208] [PREVIEW_WIDGET] create trans idx=34 key=description_JP part=0 text_len=13 modified=False
[2026-02-24 20:20:39.209] [PREVIEW_WIDGET] create orig idx=35 key=description_JP part=0 text_len=0
[2026-02-24 20:20:39.209] [PREVIEW_WIDGET] create trans idx=35 key=description_JP part=0 text_len=13 modified=False
[2026-02-24 20:20:39.210] [PREVIEW_WIDGET] create orig idx=36 key=description_JP part=0 text_len=0
[2026-02-24 20:20:39.210] [PREVIEW_WIDGET] create trans idx=36 key=description_JP part=0 text_len=0 modified=False
[2026-02-24 20:20:39.214] [PREVIEW_CREATE_GROUP] key=description_KO first_idx=37 parts=3 current_count=18
[2026-02-24 20:20:39.214] [PREVIEW_WIDGET] create orig idx=37 key=description_KO part=0 text_len=0
[2026-02-24 20:20:39.215] [PREVIEW_WIDGET] create trans idx=37 key=description_KO part=0 text_len=13 modified=False
[2026-02-24 20:20:39.216] [PREVIEW_WIDGET] create orig idx=38 key=description_KO part=0 text_len=0
[2026-02-24 20:20:39.217] [PREVIEW_WIDGET] create trans idx=38 key=description_KO part=0 text_len=13 modified=False
[2026-02-24 20:20:39.218] [PREVIEW_WIDGET] create orig idx=39 key=description_KO part=0 text_len=0
[2026-02-24 20:20:39.218] [PREVIEW_WIDGET] create trans idx=39 key=description_KO part=0 text_len=0 modified=False
[2026-02-24 20:20:39.221] [PREVIEW_CREATE_GROUP] key=description_RU first_idx=40 parts=3 current_count=19
[2026-02-24 20:20:39.222] [PREVIEW_WIDGET] create orig idx=40 key=description_RU part=0 text_len=0
[2026-02-24 20:20:39.223] [PREVIEW_WIDGET] create trans idx=40 key=description_RU part=0 text_len=13 modified=False
[2026-02-24 20:20:39.224] [PREVIEW_WIDGET] create orig idx=41 key=description_RU part=0 text_len=0
[2026-02-24 20:20:39.224] [PREVIEW_WIDGET] create trans idx=41 key=description_RU part=0 text_len=13 modified=False
[2026-02-24 20:20:39.225] [PREVIEW_WIDGET] create orig idx=42 key=description_RU part=0 text_len=0
[2026-02-24 20:20:39.225] [PREVIEW_WIDGET] create trans idx=42 key=description_RU part=0 text_len=0 modified=False
[2026-02-24 20:20:39.268] [PREVIEW_DELETE_WIDGET] name=preview_line_group key=None part=None index=None
[2026-02-24 20:20:39.269] [PREVIEW_DELETE_WIDGET] name=preview_line_group key=None part=None index=None
[2026-02-24 20:20:39.269] [PREVIEW_DELETE_WIDGET] name=preview_line_group key=None part=None index=None
[2026-02-24 20:20:39.269] [PREVIEW_DELETE_WIDGET] name=preview_line_group key=None part=None index=None
[2026-02-24 20:20:39.269] [PREVIEW_DELETE_WIDGET] name=preview_line_group key=None part=None index=None
[2026-02-24 20:20:39.269] [PREVIEW_DELETE_WIDGET] name=preview_line_group key=None part=None index=None
[2026-02-24 20:20:39.269] [PREVIEW_DELETE_WIDGET] name=preview_line_group key=None part=None index=None
[2026-02-24 20:20:39.270] [PREVIEW_DELETE_WIDGET] name=preview_line_group key=None part=None index=None
[2026-02-24 20:20:39.270] [PREVIEW_DELETE_WIDGET] name=preview_line_group key=None part=None index=None
[2026-02-24 20:20:39.270] [PREVIEW_DELETE_WIDGET] name=preview_line_group key=None part=None index=None
[2026-02-24 20:20:39.270] [PREVIEW_DELETE_WIDGET] name=preview_line_group key=None part=None index=None
[2026-02-24 20:20:39.270] [PREVIEW_DELETE_WIDGET] name=preview_line_group key=None part=None index=None
[2026-02-24 20:20:39.270] [PREVIEW_DELETE_WIDGET] name=preview_line_group key=None part=None index=None
[2026-02-24 20:20:39.270] [PREVIEW_DELETE_WIDGET] name=preview_line_group key=None part=None index=None
[2026-02-24 20:20:39.270] [PREVIEW_DELETE_WIDGET] name=preview_line_group key=None part=None index=None
[2026-02-24 20:20:39.270] [PREVIEW_DELETE_WIDGET] name=preview_line_group key=None part=None index=None
[2026-02-24 20:20:39.271] [PREVIEW_DELETE_WIDGET] name=preview_line_group key=None part=None index=None
[2026-02-24 20:20:39.271] [PREVIEW_DELETE_WIDGET] name=preview_line_group key=None part=None index=None
[2026-02-24 20:20:39.271] [PREVIEW_DELETE_WIDGET] name=preview_line_group key=None part=None index=None
[2026-02-24 20:20:39.271] [PREVIEW_DELETE_WIDGET] name=preview_line_group key=None part=None index=None
[2026-02-24 20:20:39.271] [PREVIEW_DELETE_WIDGET] name=preview_line_group key=None part=None index=None
[2026-02-24 20:20:39.271] [PREVIEW_DELETE_WIDGET] name=preview_line_group key=None part=None index=None
[2026-02-24 20:20:39.271] [PREVIEW_DELETE_WIDGET] name=preview_line_group key=None part=None index=None
[2026-02-24 20:20:39.272] [PREVIEW_DELETE_WIDGET] name=preview_line_group key=None part=None index=None
[2026-02-24 20:20:39.272] [PREVIEW_DELETE_WIDGET] name=preview_line_group key=None part=None index=None
[2026-02-24 20:20:39.272] [PREVIEW_DELETE_WIDGET] name=preview_line_group key=None part=None index=None
[2026-02-24 20:20:39.272] [PREVIEW_DELETE_WIDGET] name=preview_line_group key=None part=None index=None
[2026-02-24 20:20:39.272] [PREVIEW_DELETE_WIDGET] name=preview_line_group key=None part=None index=None
[2026-02-24 20:20:39.272] [PREVIEW_DELETE_WIDGET] name=preview_line_group key=None part=None index=None
[2026-02-24 20:20:39.272] [PREVIEW_DELETE_WIDGET] name=preview_line_group key=None part=None index=None
[2026-02-24 20:20:39.273] [PREVIEW_DELETE_WIDGET] name=preview_line_group key=None part=None index=None
[2026-02-24 20:20:39.273] [PREVIEW_DELETE_WIDGET] name=preview_line_group key=None part=None index=None
[2026-02-24 20:20:39.273] [PREVIEW_DELETE_WIDGET] name=preview_line_group key=None part=None index=None
[2026-02-24 20:20:39.273] [PREVIEW_DELETE_WIDGET] name=preview_line_group key=None part=None index=None
[2026-02-24 20:20:39.273] [PREVIEW_DELETE_WIDGET] name=preview_line_group key=None part=None index=None
[2026-02-24 20:20:39.273] [PREVIEW_DELETE_WIDGET] name=preview_line_group key=None part=None index=None
[2026-02-24 20:20:39.273] [PREVIEW_DELETE_WIDGET] name=preview_line_group key=None part=None index=None
[2026-02-24 20:20:39.274] [PREVIEW_DELETE_WIDGET] name=preview_line_group key=None part=None index=None
[2026-02-24 20:20:39.274] [PREVIEW_DELETE_WIDGET] name=preview_line_group key=None part=None index=None
[2026-02-24 20:20:39.274] [PREVIEW_DELETE_WIDGET] name=preview_line_group key=None part=None index=None
[2026-02-24 20:20:39.274] [PREVIEW_DELETE_WIDGET] name=preview_line_group key=None part=None index=None
[2026-02-24 20:20:39.274] [PREVIEW_DELETE_WIDGET] name=preview_line_group key=None part=None index=None
[2026-02-24 20:20:39.274] [PREVIEW_DELETE_WIDGET] name=preview_line_group key=None part=None index=None
[2026-02-24 20:20:39.274] [PREVIEW_DELETE_WIDGET] name=preview_line_group key=None part=None index=None
[2026-02-24 20:20:39.275] [PREVIEW_DELETE_WIDGET] name=preview_line_group key=None part=None index=None
[2026-02-24 20:20:39.275] [PREVIEW_DELETE_WIDGET] name=preview_line_group key=None part=None index=None
[2026-02-24 20:20:39.275] [PREVIEW_DELETE_WIDGET] name=preview_line_group key=None part=None index=None
[2026-02-24 20:20:39.275] [PREVIEW_DELETE_WIDGET] name=preview_line_group key=None part=None index=None
[2026-02-24 20:20:39.275] [PREVIEW_DELETE_WIDGET] name=preview_line_group key=None part=None index=None
[2026-02-24 20:20:39.275] [PREVIEW_DELETE_WIDGET] name=preview_line_group key=None part=None index=None
[2026-02-24 20:20:39.275] [PREVIEW_DELETE_WIDGET] name=preview_line_group key=None part=None index=None
[2026-02-24 20:20:39.275] [PREVIEW_DELETE_WIDGET] name=preview_line_group key=None part=None index=None
[2026-02-24 20:20:39.276] [PREVIEW_DELETE_WIDGET] name=preview_line_group key=None part=None index=None
[2026-02-24 20:20:39.276] [PREVIEW_DELETE_WIDGET] name=preview_line_group key=None part=None index=None
[2026-02-24 20:20:39.276] [PREVIEW_DELETE_WIDGET] name=preview_line_group key=None part=None index=None
[2026-02-24 20:20:39.276] [PREVIEW_DELETE_WIDGET] name=preview_line_group key=None part=None index=None
[2026-02-24 20:20:39.276] [PREVIEW_DELETE_WIDGET] name=preview_line_group key=None part=None index=None
[2026-02-24 20:20:39.276] [PREVIEW_DELETE_WIDGET] name=preview_line_group key=None part=None index=None
[2026-02-24 20:20:39.276] [PREVIEW_DELETE_WIDGET] name=preview_line_group key=None part=None index=None
[2026-02-24 20:20:39.277] [PREVIEW_DELETE_WIDGET] name=preview_line_group key=None part=None index=None
[2026-02-24 20:20:39.277] [PREVIEW_DELETE_GROUP] key=name orig_count=6 trans_count=6
[2026-02-24 20:20:39.277] [PREVIEW_DELETE_GROUP] key=name_EN orig_count=6 trans_count=6
[2026-02-24 20:20:39.277] [PREVIEW_DELETE_GROUP] key=name_CN orig_count=6 trans_count=6
[2026-02-24 20:20:39.277] [PREVIEW_DELETE_GROUP] key=name_CS orig_count=6 trans_count=6
[2026-02-24 20:20:39.277] [PREVIEW_DELETE_GROUP] key=name_DE orig_count=6 trans_count=6
[2026-02-24 20:20:39.278] [PREVIEW_DELETE_GROUP] key=name_ES orig_count=6 trans_count=6
[2026-02-24 20:20:39.278] [PREVIEW_DELETE_GROUP] key=name_FR orig_count=6 trans_count=6
[2026-02-24 20:20:39.278] [PREVIEW_DELETE_GROUP] key=name_JP orig_count=6 trans_count=6
[2026-02-24 20:20:39.278] [PREVIEW_DELETE_GROUP] key=name_KO orig_count=6 trans_count=6
[2026-02-24 20:20:39.278] [PREVIEW_DELETE_GROUP] key=name_RU orig_count=12 trans_count=12
[2026-02-24 20:20:39.279] [PREVIEW_DELETE_GROUP] key=description orig_count=24 trans_count=24
[2026-02-24 20:20:39.279] [PREVIEW_DELETE_GROUP] key=description_EN orig_count=24 trans_count=24
[2026-02-24 20:20:39.279] [PREVIEW_DELETE_GROUP] key=description_CN orig_count=18 trans_count=18
[2026-02-24 20:20:39.280] [PREVIEW_DELETE_GROUP] key=description_CS orig_count=18 trans_count=18
[2026-02-24 20:20:39.280] [PREVIEW_DELETE_GROUP] key=description_DE orig_count=18 trans_count=18
[2026-02-24 20:20:39.280] [PREVIEW_DELETE_GROUP] key=description_ES orig_count=18 trans_count=18
[2026-02-24 20:20:39.281] [PREVIEW_DELETE_GROUP] key=description_FR orig_count=18 trans_count=18
[2026-02-24 20:20:39.281] [PREVIEW_DELETE_GROUP] key=description_JP orig_count=18 trans_count=18
[2026-02-24 20:20:39.281] [PREVIEW_DELETE_GROUP] key=description_KO orig_count=18 trans_count=18
[2026-02-24 20:20:39.282] [PREVIEW_DELETE_GROUP] key=description_RU orig_count=18 trans_count=18
[2026-02-24 20:20:39.310] [PREVIEW_CREATE_GROUP] key=name first_idx=0 parts=1 current_count=0
[2026-02-24 20:20:39.311] [PREVIEW_WIDGET] create orig idx=0 key=name part=0 text_len=0
[2026-02-24 20:20:39.312] [PREVIEW_WIDGET] create trans idx=0 key=name part=0 text_len=29 modified=False
[2026-02-24 20:20:39.314] [PREVIEW_CREATE_GROUP] key=name_EN first_idx=1 parts=1 current_count=1
[2026-02-24 20:20:39.314] [PREVIEW_WIDGET] create orig idx=1 key=name_EN part=0 text_len=0
[2026-02-24 20:20:39.315] [PREVIEW_WIDGET] create trans idx=1 key=name_EN part=0 text_len=29 modified=False
[2026-02-24 20:20:39.317] [PREVIEW_CREATE_GROUP] key=name_CN first_idx=2 parts=1 current_count=2
[2026-02-24 20:20:39.317] [PREVIEW_WIDGET] create orig idx=2 key=name_CN part=0 text_len=0
[2026-02-24 20:20:39.318] [PREVIEW_WIDGET] create trans idx=2 key=name_CN part=0 text_len=6 modified=False
[2026-02-24 20:20:39.320] [PREVIEW_CREATE_GROUP] key=name_CS first_idx=3 parts=1 current_count=3
[2026-02-24 20:20:39.320] [PREVIEW_WIDGET] create orig idx=3 key=name_CS part=0 text_len=0
[2026-02-24 20:20:39.321] [PREVIEW_WIDGET] create trans idx=3 key=name_CS part=0 text_len=6 modified=False
[2026-02-24 20:20:39.322] [PREVIEW_CREATE_GROUP] key=name_DE first_idx=4 parts=1 current_count=4
[2026-02-24 20:20:39.323] [PREVIEW_WIDGET] create orig idx=4 key=name_DE part=0 text_len=0
[2026-02-24 20:20:39.324] [PREVIEW_WIDGET] create trans idx=4 key=name_DE part=0 text_len=6 modified=False
[2026-02-24 20:20:39.325] [PREVIEW_CREATE_GROUP] key=name_ES first_idx=5 parts=1 current_count=5
[2026-02-24 20:20:39.326] [PREVIEW_WIDGET] create orig idx=5 key=name_ES part=0 text_len=0
[2026-02-24 20:20:39.327] [PREVIEW_WIDGET] create trans idx=5 key=name_ES part=0 text_len=6 modified=False
[2026-02-24 20:20:39.328] [PREVIEW_CREATE_GROUP] key=name_FR first_idx=6 parts=1 current_count=6
[2026-02-24 20:20:39.329] [PREVIEW_WIDGET] create orig idx=6 key=name_FR part=0 text_len=0
[2026-02-24 20:20:39.329] [PREVIEW_WIDGET] create trans idx=6 key=name_FR part=0 text_len=6 modified=False
[2026-02-24 20:20:39.331] [PREVIEW_CREATE_GROUP] key=name_JP first_idx=7 parts=1 current_count=7
[2026-02-24 20:20:39.332] [PREVIEW_WIDGET] create orig idx=7 key=name_JP part=0 text_len=0
[2026-02-24 20:20:39.332] [PREVIEW_WIDGET] create trans idx=7 key=name_JP part=0 text_len=6 modified=False
[2026-02-24 20:20:39.334] [PREVIEW_CREATE_GROUP] key=name_KO first_idx=8 parts=1 current_count=8
[2026-02-24 20:20:39.335] [PREVIEW_WIDGET] create orig idx=8 key=name_KO part=0 text_len=0
[2026-02-24 20:20:39.335] [PREVIEW_WIDGET] create trans idx=8 key=name_KO part=0 text_len=6 modified=False
[2026-02-24 20:20:39.337] [PREVIEW_CREATE_GROUP] key=name_RU first_idx=9 parts=2 current_count=9
[2026-02-24 20:20:39.338] [PREVIEW_WIDGET] create orig idx=9 key=name_RU part=0 text_len=0
[2026-02-24 20:20:39.338] [PREVIEW_WIDGET] create trans idx=9 key=name_RU part=0 text_len=6 modified=False
[2026-02-24 20:20:39.339] [PREVIEW_WIDGET] create orig idx=10 key=name_RU part=1 text_len=0
[2026-02-24 20:20:39.339] [PREVIEW_WIDGET] create trans idx=10 key=name_RU part=1 text_len=5 modified=False
[2026-02-24 20:20:39.373] [PREVIEW_CREATE_GROUP] key=description first_idx=11 parts=4 current_count=10
[2026-02-24 20:20:39.374] [PREVIEW_WIDGET] create orig idx=11 key=description part=0 text_len=0
[2026-02-24 20:20:39.375] [PREVIEW_WIDGET] create trans idx=11 key=description part=0 text_len=190 modified=False
[2026-02-24 20:20:39.376] [PREVIEW_WIDGET] create orig idx=12 key=description part=0 text_len=0
[2026-02-24 20:20:39.376] [PREVIEW_WIDGET] create trans idx=12 key=description part=0 text_len=0 modified=False
[2026-02-24 20:20:39.377] [PREVIEW_WIDGET] create orig idx=13 key=description part=0 text_len=0
[2026-02-24 20:20:39.378] [PREVIEW_WIDGET] create trans idx=13 key=description part=0 text_len=388 modified=False
[2026-02-24 20:20:39.379] [PREVIEW_WIDGET] create orig idx=14 key=description part=0 text_len=0
[2026-02-24 20:20:39.379] [PREVIEW_WIDGET] create trans idx=14 key=description part=0 text_len=0 modified=False
[2026-02-24 20:20:39.383] [PREVIEW_CREATE_GROUP] key=description_EN first_idx=15 parts=4 current_count=11
[2026-02-24 20:20:39.384] [PREVIEW_WIDGET] create orig idx=15 key=description_EN part=0 text_len=0
[2026-02-24 20:20:39.384] [PREVIEW_WIDGET] create trans idx=15 key=description_EN part=0 text_len=190 modified=False
[2026-02-24 20:20:39.385] [PREVIEW_WIDGET] create orig idx=16 key=description_EN part=0 text_len=0
[2026-02-24 20:20:39.386] [PREVIEW_WIDGET] create trans idx=16 key=description_EN part=0 text_len=0 modified=False
[2026-02-24 20:20:39.387] [PREVIEW_WIDGET] create orig idx=17 key=description_EN part=0 text_len=0
[2026-02-24 20:20:39.388] [PREVIEW_WIDGET] create trans idx=17 key=description_EN part=0 text_len=388 modified=False
[2026-02-24 20:20:39.388] [PREVIEW_WIDGET] create orig idx=18 key=description_EN part=0 text_len=0
[2026-02-24 20:20:39.389] [PREVIEW_WIDGET] create trans idx=18 key=description_EN part=0 text_len=0 modified=False
[2026-02-24 20:20:39.393] [PREVIEW_CREATE_GROUP] key=description_CN first_idx=19 parts=3 current_count=12
[2026-02-24 20:20:39.393] [PREVIEW_WIDGET] create orig idx=19 key=description_CN part=0 text_len=0
[2026-02-24 20:20:39.394] [PREVIEW_WIDGET] create trans idx=19 key=description_CN part=0 text_len=13 modified=False
[2026-02-24 20:20:39.396] [PREVIEW_WIDGET] create orig idx=20 key=description_CN part=0 text_len=0
[2026-02-24 20:20:39.396] [PREVIEW_WIDGET] create trans idx=20 key=description_CN part=0 text_len=13 modified=False
[2026-02-24 20:20:39.397] [PREVIEW_WIDGET] create orig idx=21 key=description_CN part=0 text_len=0
[2026-02-24 20:20:39.398] [PREVIEW_WIDGET] create trans idx=21 key=description_CN part=0 text_len=0 modified=False
[2026-02-24 20:20:39.401] [PREVIEW_CREATE_GROUP] key=description_CS first_idx=22 parts=3 current_count=13
[2026-02-24 20:20:39.401] [PREVIEW_WIDGET] create orig idx=22 key=description_CS part=0 text_len=0
[2026-02-24 20:20:39.402] [PREVIEW_WIDGET] create trans idx=22 key=description_CS part=0 text_len=13 modified=False
[2026-02-24 20:20:39.403] [PREVIEW_WIDGET] create orig idx=23 key=description_CS part=0 text_len=0
[2026-02-24 20:20:39.403] [PREVIEW_WIDGET] create trans idx=23 key=description_CS part=0 text_len=13 modified=False
[2026-02-24 20:20:39.404] [PREVIEW_WIDGET] create orig idx=24 key=description_CS part=0 text_len=0
[2026-02-24 20:20:39.405] [PREVIEW_WIDGET] create trans idx=24 key=description_CS part=0 text_len=0 modified=False
[2026-02-24 20:20:39.408] [PREVIEW_CREATE_GROUP] key=description_DE first_idx=25 parts=3 current_count=14
[2026-02-24 20:20:39.409] [PREVIEW_WIDGET] create orig idx=25 key=description_DE part=0 text_len=0
[2026-02-24 20:20:39.409] [PREVIEW_WIDGET] create trans idx=25 key=description_DE part=0 text_len=13 modified=False
[2026-02-24 20:20:39.410] [PREVIEW_WIDGET] create orig idx=26 key=description_DE part=0 text_len=0
[2026-02-24 20:20:39.411] [PREVIEW_WIDGET] create trans idx=26 key=description_DE part=0 text_len=13 modified=False
[2026-02-24 20:20:39.412] [PREVIEW_WIDGET] create orig idx=27 key=description_DE part=0 text_len=0
[2026-02-24 20:20:39.412] [PREVIEW_WIDGET] create trans idx=27 key=description_DE part=0 text_len=0 modified=False
[2026-02-24 20:20:39.415] [PREVIEW_CREATE_GROUP] key=description_ES first_idx=28 parts=3 current_count=15
[2026-02-24 20:20:39.416] [PREVIEW_WIDGET] create orig idx=28 key=description_ES part=0 text_len=0
[2026-02-24 20:20:39.416] [PREVIEW_WIDGET] create trans idx=28 key=description_ES part=0 text_len=13 modified=False
[2026-02-24 20:20:39.417] [PREVIEW_WIDGET] create orig idx=29 key=description_ES part=0 text_len=0
[2026-02-24 20:20:39.418] [PREVIEW_WIDGET] create trans idx=29 key=description_ES part=0 text_len=13 modified=False
[2026-02-24 20:20:39.419] [PREVIEW_WIDGET] create orig idx=30 key=description_ES part=0 text_len=0
[2026-02-24 20:20:39.419] [PREVIEW_WIDGET] create trans idx=30 key=description_ES part=0 text_len=0 modified=False
[2026-02-24 20:20:39.422] [PREVIEW_CREATE_GROUP] key=description_FR first_idx=31 parts=3 current_count=16
[2026-02-24 20:20:39.423] [PREVIEW_WIDGET] create orig idx=31 key=description_FR part=0 text_len=0
[2026-02-24 20:20:39.423] [PREVIEW_WIDGET] create trans idx=31 key=description_FR part=0 text_len=13 modified=False
[2026-02-24 20:20:39.424] [PREVIEW_WIDGET] create orig idx=32 key=description_FR part=0 text_len=0
[2026-02-24 20:20:39.425] [PREVIEW_WIDGET] create trans idx=32 key=description_FR part=0 text_len=13 modified=False
[2026-02-24 20:20:39.426] [PREVIEW_WIDGET] create orig idx=33 key=description_FR part=0 text_len=0
[2026-02-24 20:20:39.426] [PREVIEW_WIDGET] create trans idx=33 key=description_FR part=0 text_len=0 modified=False
[2026-02-24 20:20:39.429] [PREVIEW_CREATE_GROUP] key=description_JP first_idx=34 parts=3 current_count=17
[2026-02-24 20:20:39.430] [PREVIEW_WIDGET] create orig idx=34 key=description_JP part=0 text_len=0
[2026-02-24 20:20:39.430] [PREVIEW_WIDGET] create trans idx=34 key=description_JP part=0 text_len=13 modified=False
[2026-02-24 20:20:39.431] [PREVIEW_WIDGET] create orig idx=35 key=description_JP part=0 text_len=0
[2026-02-24 20:20:39.432] [PREVIEW_WIDGET] create trans idx=35 key=description_JP part=0 text_len=13 modified=False
[2026-02-24 20:20:39.433] [PREVIEW_WIDGET] create orig idx=36 key=description_JP part=0 text_len=0
[2026-02-24 20:20:39.433] [PREVIEW_WIDGET] create trans idx=36 key=description_JP part=0 text_len=0 modified=False
[2026-02-24 20:20:39.437] [PREVIEW_CREATE_GROUP] key=description_KO first_idx=37 parts=3 current_count=18
[2026-02-24 20:20:39.437] [PREVIEW_WIDGET] create orig idx=37 key=description_KO part=0 text_len=0
[2026-02-24 20:20:39.438] [PREVIEW_WIDGET] create trans idx=37 key=description_KO part=0 text_len=13 modified=False
[2026-02-24 20:20:39.439] [PREVIEW_WIDGET] create orig idx=38 key=description_KO part=0 text_len=0
[2026-02-24 20:20:39.440] [PREVIEW_WIDGET] create trans idx=38 key=description_KO part=0 text_len=13 modified=False
[2026-02-24 20:20:39.441] [PREVIEW_WIDGET] create orig idx=39 key=description_KO part=0 text_len=0
[2026-02-24 20:20:39.441] [PREVIEW_WIDGET] create trans idx=39 key=description_KO part=0 text_len=0 modified=False
[2026-02-24 20:20:39.444] [PREVIEW_CREATE_GROUP] key=description_RU first_idx=40 parts=3 current_count=19
[2026-02-24 20:20:39.445] [PREVIEW_WIDGET] create orig idx=40 key=description_RU part=0 text_len=0
[2026-02-24 20:20:39.445] [PREVIEW_WIDGET] create trans idx=40 key=description_RU part=0 text_len=13 modified=False
[2026-02-24 20:20:39.446] [PREVIEW_WIDGET] create orig idx=41 key=description_RU part=0 text_len=0
[2026-02-24 20:20:39.447] [PREVIEW_WIDGET] create trans idx=41 key=description_RU part=0 text_len=13 modified=False
[2026-02-24 20:20:39.448] [PREVIEW_WIDGET] create orig idx=42 key=description_RU part=0 text_len=0
[2026-02-24 20:20:39.449] [PREVIEW_WIDGET] create trans idx=42 key=description_RU part=0 text_len=0 modified=False
