--- save_settings called at 2026-02-23T20:10:39.877000 force=False suppress=False
  File "c:\Users\Andrei\Desktop\DCS translator TOOL\main.py", line 8687, in <module>
    window = TranslationApp()
  File "c:\Users\Andrei\Desktop\DCS translator TOOL\main.py", line 315, in __init__
    self.load_settings()
  File "c:\Users\Andrei\Desktop\DCS translator TOOL\main.py", line 2604, in load_settings
    self.toggle_sync_scroll()
  File "c:\Users\Andrei\Desktop\DCS translator TOOL\main.py", line 4481, in toggle_sync_scroll
    self.save_settings(update_preview=False)
  File "c:\Users\Andrei\Desktop\DCS translator TOOL\main.py", line 2647, in save_settings
    for line in traceback.format_stack():

--- save_settings called at 2026-02-23T20:10:54.775898 force=False suppress=False
  File "c:\Users\Andrei\Desktop\DCS translator TOOL\main.py", line 8690, in <module>
    sys.exit(app.exec_())
  File "c:\Users\Andrei\Desktop\DCS translator TOOL\main.py", line 3921, in open_miz_file
    self.save_settings()
  File "c:\Users\Andrei\Desktop\DCS translator TOOL\main.py", line 2647, in save_settings
    for line in traceback.format_stack():

--- save_settings called at 2026-02-23T20:11:04.880391 force=False suppress=False
  File "c:\Users\Andrei\Desktop\DCS translator TOOL\main.py", line 8690, in <module>
    sys.exit(app.exec_())
  File "c:\Users\Andrei\Desktop\DCS translator TOOL\main.py", line 4286, in toggle_empty_filter
    self.save_settings()
  File "c:\Users\Andrei\Desktop\DCS translator TOOL\main.py", line 2647, in save_settings
    for line in traceback.format_stack():

--- save_settings called at 2026-02-23T20:11:14.178623 force=False suppress=False
  File "c:\Users\Andrei\Desktop\DCS translator TOOL\main.py", line 8690, in <module>
    sys.exit(app.exec_())
  File "c:\Users\Andrei\Desktop\DCS translator TOOL\main.py", line 4286, in toggle_empty_filter
    self.save_settings()
  File "c:\Users\Andrei\Desktop\DCS translator TOOL\main.py", line 2647, in save_settings
    for line in traceback.format_stack():

--- save_settings called at 2026-02-23T20:11:20.541249 force=False suppress=False
  File "c:\Users\Andrei\Desktop\DCS translator TOOL\main.py", line 8690, in <module>
    sys.exit(app.exec_())
  File "c:\Users\Andrei\Desktop\DCS translator TOOL\main.py", line 1451, in eventFilter
    self.close()
  File "c:\Users\Andrei\Desktop\DCS translator TOOL\main.py", line 8674, in closeEvent
    self.save_settings()
  File "c:\Users\Andrei\Desktop\DCS translator TOOL\main.py", line 2647, in save_settings
    for line in traceback.format_stack():

--- save_settings called at 2026-02-23T20:30:22.478553 force=False suppress=False
  File "c:\Users\Andrei\Desktop\DCS translator TOOL\main.py", line 8703, in <module>
    window = TranslationApp()
  File "c:\Users\Andrei\Desktop\DCS translator TOOL\main.py", line 315, in __init__
    self.load_settings()
  File "c:\Users\Andrei\Desktop\DCS translator TOOL\main.py", line 2604, in load_settings
    self.toggle_sync_scroll()
  File "c:\Users\Andrei\Desktop\DCS translator TOOL\main.py", line 4482, in toggle_sync_scroll
    self.save_settings(update_preview=False)
  File "c:\Users\Andrei\Desktop\DCS translator TOOL\main.py", line 2647, in save_settings
    for line in traceback.format_stack():

--- save_settings called at 2026-02-23T20:30:26.813643 force=False suppress=False
  File "c:\Users\Andrei\Desktop\DCS translator TOOL\main.py", line 8706, in <module>
    sys.exit(app.exec_())
  File "c:\Users\Andrei\Desktop\DCS translator TOOL\main.py", line 3922, in open_miz_file
    self.save_settings()
  File "c:\Users\Andrei\Desktop\DCS translator TOOL\main.py", line 2647, in save_settings
    for line in traceback.format_stack():

--- save_settings called at 2026-02-23T20:30:36.064019 force=False suppress=False
  File "c:\Users\Andrei\Desktop\DCS translator TOOL\main.py", line 8706, in <module>
    sys.exit(app.exec_())
  File "c:\Users\Andrei\Desktop\DCS translator TOOL\main.py", line 4287, in toggle_empty_filter
    self.save_settings()
  File "c:\Users\Andrei\Desktop\DCS translator TOOL\main.py", line 2647, in save_settings
    for line in traceback.format_stack():

--- save_settings called at 2026-02-23T20:30:56.276762 force=False suppress=False
  File "c:\Users\Andrei\Desktop\DCS translator TOOL\main.py", line 8706, in <module>
    sys.exit(app.exec_())
  File "c:\Users\Andrei\Desktop\DCS translator TOOL\main.py", line 4287, in toggle_empty_filter
    self.save_settings()
  File "c:\Users\Andrei\Desktop\DCS translator TOOL\main.py", line 2647, in save_settings
    for line in traceback.format_stack():

--- save_settings called at 2026-02-23T20:31:54.207898 force=False suppress=False
  File "c:\Users\Andrei\Desktop\DCS translator TOOL\main.py", line 8706, in <module>
    sys.exit(app.exec_())
  File "c:\Users\Andrei\Desktop\DCS translator TOOL\main.py", line 4287, in toggle_empty_filter
    self.save_settings()
  File "c:\Users\Andrei\Desktop\DCS translator TOOL\main.py", line 2647, in save_settings
    for line in traceback.format_stack():

--- save_settings called at 2026-02-23T20:33:02.391001 force=False suppress=False
  File "c:\Users\Andrei\Desktop\DCS translator TOOL\main.py", line 8706, in <module>
    sys.exit(app.exec_())
  File "c:\Users\Andrei\Desktop\DCS translator TOOL\main.py", line 5981, in save_file
    self.show_miz_save_dialog()
  File "c:\Users\Andrei\Desktop\DCS translator TOOL\main.py", line 6402, in show_miz_save_dialog
    dialog.exec_()
  File "c:\Users\Andrei\Desktop\DCS translator TOOL\main.py", line 6375, in <lambda>
    save_txt_btn.clicked.connect(lambda: [dialog.accept(), self.save_dictionary_as_txt()])
  File "c:\Users\Andrei\Desktop\DCS translator TOOL\main.py", line 6071, in save_dictionary_as_txt
    self.save_settings()
  File "c:\Users\Andrei\Desktop\DCS translator TOOL\main.py", line 2647, in save_settings
    for line in traceback.format_stack():

--- save_settings called at 2026-02-23T20:33:37.463824 force=False suppress=False
  File "c:\Users\Andrei\Desktop\DCS translator TOOL\main.py", line 8706, in <module>
    sys.exit(app.exec_())
  File "c:\Users\Andrei\Desktop\DCS translator TOOL\main.py", line 5981, in save_file
    self.show_miz_save_dialog()
  File "c:\Users\Andrei\Desktop\DCS translator TOOL\main.py", line 6402, in show_miz_save_dialog
    dialog.exec_()
  File "c:\Users\Andrei\Desktop\DCS translator TOOL\main.py", line 6375, in <lambda>
    save_txt_btn.clicked.connect(lambda: [dialog.accept(), self.save_dictionary_as_txt()])
  File "c:\Users\Andrei\Desktop\DCS translator TOOL\main.py", line 6071, in save_dictionary_as_txt
    self.save_settings()
  File "c:\Users\Andrei\Desktop\DCS translator TOOL\main.py", line 2647, in save_settings
    for line in traceback.format_stack():

--- save_settings called at 2026-02-23T20:34:03.184337 force=False suppress=False
  File "c:\Users\Andrei\Desktop\DCS translator TOOL\main.py", line 8706, in <module>
    sys.exit(app.exec_())
  File "c:\Users\Andrei\Desktop\DCS translator TOOL\main.py", line 4287, in toggle_empty_filter
    self.save_settings()
  File "c:\Users\Andrei\Desktop\DCS translator TOOL\main.py", line 2647, in save_settings
    for line in traceback.format_stack():

[2026-02-23T20:34:41.309674] SettingsWindow.__init__: Creating dialog
  File "c:\Users\Andrei\Desktop\DCS translator TOOL\main.py", line 8706, in <module>
    sys.exit(app.exec_())
  File "c:\Users\Andrei\Desktop\DCS translator TOOL\widgets.py", line 691, in mouseReleaseEvent
    self.clicked.emit()
  File "c:\Users\Andrei\Desktop\DCS translator TOOL\main.py", line 782, in open_settings_window
    self.settings_window = SettingsWindow(self.current_language, self)
  File "c:\Users\Andrei\Desktop\DCS translator TOOL\dialogs.py", line 2559, in __init__
    self._log_debug(f"SettingsWindow.__init__: Creating dialog")
  File "c:\Users\Andrei\Desktop\DCS translator TOOL\dialogs.py", line 2851, in _log_debug
    for line in traceback.format_stack()[-8:]:

[2026-02-23T20:34:41.310977] highlight_toggle toggled -> True
  File "c:\Users\Andrei\Desktop\DCS translator TOOL\main.py", line 8706, in <module>
    sys.exit(app.exec_())
  File "c:\Users\Andrei\Desktop\DCS translator TOOL\widgets.py", line 691, in mouseReleaseEvent
    self.clicked.emit()
  File "c:\Users\Andrei\Desktop\DCS translator TOOL\main.py", line 782, in open_settings_window
    self.settings_window = SettingsWindow(self.current_language, self)
  File "c:\Users\Andrei\Desktop\DCS translator TOOL\dialogs.py", line 2560, in __init__
    self.load_values_from_parent()
  File "c:\Users\Andrei\Desktop\DCS translator TOOL\dialogs.py", line 2570, in load_values_from_parent
    self.highlight_toggle.setChecked(val)
  File "c:\Users\Andrei\Desktop\DCS translator TOOL\widgets.py", line 356, in setChecked
    self.toggled.emit(self._checked)
  File "c:\Users\Andrei\Desktop\DCS translator TOOL\dialogs.py", line 2859, in _on_highlight_toggled
    self._log_debug(f'highlight_toggle toggled -> {value}')
  File "c:\Users\Andrei\Desktop\DCS translator TOOL\dialogs.py", line 2851, in _log_debug
    for line in traceback.format_stack()[-8:]:

[2026-02-23T20:34:41.311588] load_values_from_parent: LOADED from parent: highlight=True, color=#434343, logs=True || SAVED snapshot: {'highlight_empty_fields': True, 'highlight_empty_color': '#434343', 'debug_logs_enabled': True, 'theme_bg_even': '#393939', 'theme_bg_odd': '#2f2f2f', 'reference_locale': 'DEFAULT'}
  File "c:\Users\Andrei\Desktop\DCS translator TOOL\main.py", line 8706, in <module>
    sys.exit(app.exec_())
  File "c:\Users\Andrei\Desktop\DCS translator TOOL\widgets.py", line 691, in mouseReleaseEvent
    self.clicked.emit()
  File "c:\Users\Andrei\Desktop\DCS translator TOOL\main.py", line 782, in open_settings_window
    self.settings_window = SettingsWindow(self.current_language, self)
  File "c:\Users\Andrei\Desktop\DCS translator TOOL\dialogs.py", line 2560, in __init__
    self.load_values_from_parent()
  File "c:\Users\Andrei\Desktop\DCS translator TOOL\dialogs.py", line 2602, in load_values_from_parent
    self._log_debug(f"load_values_from_parent: LOADED from parent: highlight={val}, color={col}, logs={logs} || SAVED snapshot: {self._orig_parent_values}")
  File "c:\Users\Andrei\Desktop\DCS translator TOOL\dialogs.py", line 2851, in _log_debug
    for line in traceback.format_stack()[-8:]:

[2026-02-23T20:34:41.311901] SettingsWindow.__init__: Initial values loaded
  File "c:\Users\Andrei\Desktop\DCS translator TOOL\main.py", line 8706, in <module>
    sys.exit(app.exec_())
  File "c:\Users\Andrei\Desktop\DCS translator TOOL\widgets.py", line 691, in mouseReleaseEvent
    self.clicked.emit()
  File "c:\Users\Andrei\Desktop\DCS translator TOOL\main.py", line 782, in open_settings_window
    self.settings_window = SettingsWindow(self.current_language, self)
  File "c:\Users\Andrei\Desktop\DCS translator TOOL\dialogs.py", line 2561, in __init__
    self._log_debug(f"SettingsWindow.__init__: Initial values loaded")
  File "c:\Users\Andrei\Desktop\DCS translator TOOL\dialogs.py", line 2851, in _log_debug
    for line in traceback.format_stack()[-8:]:

[2026-02-23T20:34:45.557081] cancel_and_restore START: snapshot={'highlight_empty_fields': True, 'highlight_empty_color': '#434343', 'debug_logs_enabled': True, 'theme_bg_even': '#393939', 'theme_bg_odd': '#2f2f2f', 'reference_locale': 'DEFAULT'}, parent=True
  File "c:\Users\Andrei\Desktop\DCS translator TOOL\main.py", line 8706, in <module>
    sys.exit(app.exec_())
  File "c:\Users\Andrei\Desktop\DCS translator TOOL\dialogs.py", line 2768, in cancel_and_restore
    self._log_debug(f"cancel_and_restore START: snapshot={getattr(self, '_orig_parent_values', None)}, parent={self.parent_window is not None}")
  File "c:\Users\Andrei\Desktop\DCS translator TOOL\dialogs.py", line 2851, in _log_debug
    for line in traceback.format_stack()[-8:]:

[2026-02-23T20:34:45.557461] cancel_and_restore: RESTORING from snapshot: {'highlight_empty_fields': True, 'highlight_empty_color': '#434343', 'debug_logs_enabled': True, 'theme_bg_even': '#393939', 'theme_bg_odd': '#2f2f2f', 'reference_locale': 'DEFAULT'}
  File "c:\Users\Andrei\Desktop\DCS translator TOOL\main.py", line 8706, in <module>
    sys.exit(app.exec_())
  File "c:\Users\Andrei\Desktop\DCS translator TOOL\dialogs.py", line 2777, in cancel_and_restore
    self._log_debug(f"cancel_and_restore: RESTORING from snapshot: {vals}")
  File "c:\Users\Andrei\Desktop\DCS translator TOOL\dialogs.py", line 2851, in _log_debug
    for line in traceback.format_stack()[-8:]:

[2026-02-23T20:34:45.557729]   - highlight_empty_fields: True -> True
  File "c:\Users\Andrei\Desktop\DCS translator TOOL\main.py", line 8706, in <module>
    sys.exit(app.exec_())
  File "c:\Users\Andrei\Desktop\DCS translator TOOL\dialogs.py", line 2781, in cancel_and_restore
    self._log_debug(f"  - highlight_empty_fields: {old_val} -> {vals.get('highlight_empty_fields', True)}")
  File "c:\Users\Andrei\Desktop\DCS translator TOOL\dialogs.py", line 2851, in _log_debug
    for line in traceback.format_stack()[-8:]:

[2026-02-23T20:34:45.557925]   - highlight_empty_color: #434343 -> #434343
  File "c:\Users\Andrei\Desktop\DCS translator TOOL\main.py", line 8706, in <module>
    sys.exit(app.exec_())
  File "c:\Users\Andrei\Desktop\DCS translator TOOL\dialogs.py", line 2787, in cancel_and_restore
    self._log_debug(f"  - highlight_empty_color: {old_col} -> {vals.get('highlight_empty_color', '#555555')}")
  File "c:\Users\Andrei\Desktop\DCS translator TOOL\dialogs.py", line 2851, in _log_debug
    for line in traceback.format_stack()[-8:]:

[2026-02-23T20:34:45.558119]   - debug_logs_enabled: True -> True
  File "c:\Users\Andrei\Desktop\DCS translator TOOL\main.py", line 8706, in <module>
    sys.exit(app.exec_())
  File "c:\Users\Andrei\Desktop\DCS translator TOOL\dialogs.py", line 2793, in cancel_and_restore
    self._log_debug(f"  - debug_logs_enabled: {old_logs} -> {vals.get('debug_logs_enabled', True)}")
  File "c:\Users\Andrei\Desktop\DCS translator TOOL\dialogs.py", line 2851, in _log_debug
    for line in traceback.format_stack()[-8:]:

[2026-02-23T20:34:45.558297]   - theme colors restored
  File "c:\Users\Andrei\Desktop\DCS translator TOOL\main.py", line 8706, in <module>
    sys.exit(app.exec_())
  File "c:\Users\Andrei\Desktop\DCS translator TOOL\dialogs.py", line 2800, in cancel_and_restore
    self._log_debug(f"  - theme colors restored")
  File "c:\Users\Andrei\Desktop\DCS translator TOOL\dialogs.py", line 2851, in _log_debug
    for line in traceback.format_stack()[-8:]:

[2026-02-23T20:34:45.558490]   - reference_locale restored
  File "c:\Users\Andrei\Desktop\DCS translator TOOL\main.py", line 8706, in <module>
    sys.exit(app.exec_())
  File "c:\Users\Andrei\Desktop\DCS translator TOOL\dialogs.py", line 2806, in cancel_and_restore
    self._log_debug(f"  - reference_locale restored")
  File "c:\Users\Andrei\Desktop\DCS translator TOOL\dialogs.py", line 2851, in _log_debug
    for line in traceback.format_stack()[-8:]:

[2026-02-23T20:34:46.475968] SettingsWindow.__init__: Creating dialog
  File "c:\Users\Andrei\Desktop\DCS translator TOOL\main.py", line 8706, in <module>
    sys.exit(app.exec_())
  File "c:\Users\Andrei\Desktop\DCS translator TOOL\widgets.py", line 691, in mouseReleaseEvent
    self.clicked.emit()
  File "c:\Users\Andrei\Desktop\DCS translator TOOL\main.py", line 782, in open_settings_window
    self.settings_window = SettingsWindow(self.current_language, self)
  File "c:\Users\Andrei\Desktop\DCS translator TOOL\dialogs.py", line 2559, in __init__
    self._log_debug(f"SettingsWindow.__init__: Creating dialog")
  File "c:\Users\Andrei\Desktop\DCS translator TOOL\dialogs.py", line 2851, in _log_debug
    for line in traceback.format_stack()[-8:]:

[2026-02-23T20:34:46.476420] highlight_toggle toggled -> True
  File "c:\Users\Andrei\Desktop\DCS translator TOOL\main.py", line 8706, in <module>
    sys.exit(app.exec_())
  File "c:\Users\Andrei\Desktop\DCS translator TOOL\widgets.py", line 691, in mouseReleaseEvent
    self.clicked.emit()
  File "c:\Users\Andrei\Desktop\DCS translator TOOL\main.py", line 782, in open_settings_window
    self.settings_window = SettingsWindow(self.current_language, self)
  File "c:\Users\Andrei\Desktop\DCS translator TOOL\dialogs.py", line 2560, in __init__
    self.load_values_from_parent()
  File "c:\Users\Andrei\Desktop\DCS translator TOOL\dialogs.py", line 2570, in load_values_from_parent
    self.highlight_toggle.setChecked(val)
  File "c:\Users\Andrei\Desktop\DCS translator TOOL\widgets.py", line 356, in setChecked
    self.toggled.emit(self._checked)
  File "c:\Users\Andrei\Desktop\DCS translator TOOL\dialogs.py", line 2859, in _on_highlight_toggled
    self._log_debug(f'highlight_toggle toggled -> {value}')
  File "c:\Users\Andrei\Desktop\DCS translator TOOL\dialogs.py", line 2851, in _log_debug
    for line in traceback.format_stack()[-8:]:

[2026-02-23T20:34:46.477043] load_values_from_parent: LOADED from parent: highlight=True, color=#434343, logs=True || SAVED snapshot: {'highlight_empty_fields': True, 'highlight_empty_color': '#434343', 'debug_logs_enabled': True, 'theme_bg_even': '#393939', 'theme_bg_odd': '#2f2f2f', 'reference_locale': 'DEFAULT'}
  File "c:\Users\Andrei\Desktop\DCS translator TOOL\main.py", line 8706, in <module>
    sys.exit(app.exec_())
  File "c:\Users\Andrei\Desktop\DCS translator TOOL\widgets.py", line 691, in mouseReleaseEvent
    self.clicked.emit()
  File "c:\Users\Andrei\Desktop\DCS translator TOOL\main.py", line 782, in open_settings_window
    self.settings_window = SettingsWindow(self.current_language, self)
  File "c:\Users\Andrei\Desktop\DCS translator TOOL\dialogs.py", line 2560, in __init__
    self.load_values_from_parent()
  File "c:\Users\Andrei\Desktop\DCS translator TOOL\dialogs.py", line 2602, in load_values_from_parent
    self._log_debug(f"load_values_from_parent: LOADED from parent: highlight={val}, color={col}, logs={logs} || SAVED snapshot: {self._orig_parent_values}")
  File "c:\Users\Andrei\Desktop\DCS translator TOOL\dialogs.py", line 2851, in _log_debug
    for line in traceback.format_stack()[-8:]:

[2026-02-23T20:34:46.477307] SettingsWindow.__init__: Initial values loaded
  File "c:\Users\Andrei\Desktop\DCS translator TOOL\main.py", line 8706, in <module>
    sys.exit(app.exec_())
  File "c:\Users\Andrei\Desktop\DCS translator TOOL\widgets.py", line 691, in mouseReleaseEvent
    self.clicked.emit()
  File "c:\Users\Andrei\Desktop\DCS translator TOOL\main.py", line 782, in open_settings_window
    self.settings_window = SettingsWindow(self.current_language, self)
  File "c:\Users\Andrei\Desktop\DCS translator TOOL\dialogs.py", line 2561, in __init__
    self._log_debug(f"SettingsWindow.__init__: Initial values loaded")
  File "c:\Users\Andrei\Desktop\DCS translator TOOL\dialogs.py", line 2851, in _log_debug
    for line in traceback.format_stack()[-8:]:

[2026-02-23T20:34:50.522329] reset_to_defaults: applied defaults in dialog
  File "c:\Users\Andrei\Desktop\DCS translator TOOL\main.py", line 8706, in <module>
    sys.exit(app.exec_())
  File "c:\Users\Andrei\Desktop\DCS translator TOOL\dialogs.py", line 2634, in reset_to_defaults
    self._log_debug('reset_to_defaults: applied defaults in dialog')
  File "c:\Users\Andrei\Desktop\DCS translator TOOL\dialogs.py", line 2851, in _log_debug
    for line in traceback.format_stack()[-8:]:

--- save_settings called at 2026-02-23T20:34:51.877714 force=True suppress=False
  File "c:\Users\Andrei\Desktop\DCS translator TOOL\main.py", line 8706, in <module>
    sys.exit(app.exec_())
  File "c:\Users\Andrei\Desktop\DCS translator TOOL\dialogs.py", line 2753, in save_and_close
    self.parent_window.save_settings(force=True, update_preview=False)
  File "c:\Users\Andrei\Desktop\DCS translator TOOL\main.py", line 2647, in save_settings
    for line in traceback.format_stack():

--- save_settings called at 2026-02-23T20:35:11.564229 force=False suppress=False
  File "c:\Users\Andrei\Desktop\DCS translator TOOL\main.py", line 8706, in <module>
    sys.exit(app.exec_())
  File "c:\Users\Andrei\Desktop\DCS translator TOOL\main.py", line 1451, in eventFilter
    self.close()
  File "c:\Users\Andrei\Desktop\DCS translator TOOL\main.py", line 8690, in closeEvent
    self.save_settings()
  File "c:\Users\Andrei\Desktop\DCS translator TOOL\main.py", line 2647, in save_settings
    for line in traceback.format_stack():

