
============================================================
ВРЕМЯ: 2026-02-24 21:38:32
ТИП ОШИБКИ: MIZ_LOCALE_SWITCH
СООБЩЕНИЕ: Error switching locale: 'TranslationApp' object has no attribute 'refresh_ui_after_locale_change'
============================================================

============================================================
ВРЕМЯ: 2026-02-24 21:45:38
ТИП ОШИБКИ: MIZ_LOCALE_SWITCH
СООБЩЕНИЕ: Error switching locale: 'TranslationApp' object has no attribute 'refresh_ui_after_locale_change'
============================================================

============================================================
ВРЕМЯ: 2026-02-24 22:06:23
ТИП ОШИБКИ: SETTINGS_LOAD
СООБЩЕНИЕ: Ошибка загрузки настроек: 'TranslationApp' object has no attribute 'filter_action_text'
============================================================

============================================================
ВРЕМЯ: 2026-02-24 23:31:34
ТИП ОШИБКИ: MIZ_OPEN
СООБЩЕНИЕ: Общая ошибка при открытии .miz файла: maximum recursion depth exceeded
============================================================

============================================================
ВРЕМЯ: 2026-02-24 23:32:09
ТИП ОШИБКИ: MIZ_OPEN
СООБЩЕНИЕ: Общая ошибка при открытии .miz файла: maximum recursion depth exceeded
============================================================

============================================================
ВРЕМЯ: 2026-02-25 22:37:48
ТИП ОШИБКИ: MIZ_OPEN
СООБЩЕНИЕ: Общая ошибка при открытии .miz файла: maximum recursion depth exceeded
============================================================

============================================================
ВРЕМЯ: 2026-02-26 21:14:53
ТИП ОШИБКИ: MIZ_OVERWRITE
СООБЩЕНИЕ: Ошибка при сохранении .miz файла: 'NoneType' object has no attribute 'set_value'
============================================================
